Arguments: 
  /usr/local/bin/node /usr/share/yarn/bin/yarn.js dev

PATH: 
  /usr/local/sbin:/usr/local/bin:/usr/sbin:/usr/bin:/sbin:/bin:/usr/games:/usr/local/games:/opt/scripts

Yarn version: 
  1.12.1

Node version: 
  12.13.1

Platform: 
  linux x64

Trace: 
  SyntaxError: /var/www/html/side/reactexpress/package.json: Unexpected token } in JSON at position 313
      at JSON.parse (<anonymous>)
      at /usr/share/yarn/lib/cli.js:1166:59
      at Generator.next (<anonymous>)
      at step (/usr/share/yarn/lib/cli.js:92:30)
      at /usr/share/yarn/lib/cli.js:103:13

npm manifest: 
  {
    "name": "reactexpress",
    "version": "1.0.0",
    "description": "Boilerplate for React and Express",
    "main": "server.js",
    "scripts": {
      "start": "node server.js",
      "server": "nodemon server.js",
      "client": "yarn start --prefix client",
      "dev": "concurrently \"yarn server\" \"yarn client\"",
    },
    "author": "Myself",
    "license": "MIT",
    "dependencies": {
      "concurrently": "^5.1.0",
      "express": "^4.17.1"
    },
    "devDependencies": {
      "nodemon": "^2.0.2"
    }
  }

yarn manifest: 
  No manifest

Lockfile: 
  No lockfile
